


ARM Macro Assembler    Page 1 


    1 00000000 400FE608 
                       SYSCTL_RCGCGPIO_R
                               EQU              0x400FE608  ; activar reloj
    2 00000000         
    3 00000000 40005528 
                       GPIO_PORTB_AMSEL_R
                               EQU              0x40005528
    4 00000000 4000552C 
                       GPIO_PORTB_PCTL_R
                               EQU              0x4000552C
    5 00000000 40005400 
                       GPIO_PORTB_DIR_R
                               EQU              0x40005400
    6 00000000 40005420 
                       GPIO_PORTB_AFSEL_R
                               EQU              0x40005420
    7 00000000 4000551C 
                       GPIO_PORTB_DEN_R
                               EQU              0x4000551C
    8 00000000 4000501C 
                       PB      EQU              0X4000501C  ;0-2
    9 00000000         
   10 00000000         ;PE
   11 00000000 40024528 
                       GPIO_PORTE_AMSEL_R
                               EQU              0x40024528  ; activacion puerto
                                                             E, desactivacion d
                                                            el puerto de forma 
                                                            analogica
   12 00000000 4002452C 
                       GPIO_PORTE_PCTL_R
                               EQU              0x4002452C  ; activa el puerto 
                                                            E como GPIO
   13 00000000 40024400 
                       GPIO_PORTE_DIR_R
                               EQU              0X40024400  ; direccion del reg
                                                            istro
   14 00000000 40024420 
                       GPIO_PORTE_AFSEL_R
                               EQU              0x40024420  ; elimina cualquier
                                                             otra funcion anter
                                                            ior
   15 00000000 4002451C 
                       GPIO_PORTE_DEN_R
                               EQU              0x4002451C  ; activacion commo 
                                                            puerto digital
   16 00000000 40024020 
                       PE3     EQU              0x40024020  ; para puerto E3 
   17 00000000         
   18 00000000 007A1200 
                       TIEMPO  EQU              8000000     ; 12000000*2s/3  
   19 00000000 001046AA 
                       TIEMPO1 EQU              1066666     ; 0.2 SEGUNDOS (apr
                                                            oximadamente)
   20 00000000         
   21 00000000                 AREA             |.text|, CODE, READONLY, ALIGN=
2
   22 00000000         THUMB
   23 00000000                 EXPORT           Start       ; Si se desea traba



ARM Macro Assembler    Page 2 


                                                            jar con varios arch
                                                            ivos .s se deben ex
                                                            portar e importar.
   24 00000000         
   25 00000000         Start
   26 00000000         
   27 00000000 4973            LDR              R1, =SYSCTL_RCGCGPIO_R ; Inicio
                                                             activacion de relo
                                                            j
   28 00000002 6808            LDR              R0, [R1]    ; 
   29 00000004 F040 0002       ORR              R0, R0, #0x02 ; ACTIVA EL RELOJ
                                                            
   30 00000008 6008            STR              R0, [R1]
   31 0000000A BF00            NOP
   32 0000000C BF00            NOP
   33 0000000E         
   34 0000000E 4971            LDR              R1, =GPIO_PORTB_AMSEL_R ; Inici
                                                            o de desactivacion 
                                                            de la funcion analo
                                                            gica
   35 00000010 6808            LDR              R0, [R1]    ;
   36 00000012 F020 00FF       BIC              R0, R0, #0xFF ; pin 1 puerto F
   37 00000016 6008            STR              R0, [R1]    ;
   38 00000018         
   39 00000018 496F            LDR              R1, =GPIO_PORTB_PCTL_R ; GPIO
   40 0000001A 6808            LDR              R0, [R1]
   41 0000001C F020 6070       BIC              R0, R0, #0xF000000
   42 00000020 6008            STR              R0, [R1]
   43 00000022         
   44 00000022 496E            LDR              R1, =GPIO_PORTB_DIR_R ; Direcci
                                                            on del registro, (o
                                                            utput)
   45 00000024 6808            LDR              R0, [R1]
   46 00000026 F040 00FF       ORR              R0, R0, #0xFF
   47 0000002A 6008            STR              R0, [R1]
   48 0000002C         
   49 0000002C 496C            LDR              R1, =GPIO_PORTB_AFSEL_R 
                                                            ; Otras funciones
   50 0000002E 6808            LDR              R0, [R1]
   51 00000030 F020 00FF       BIC              R0, R0, #0xFF
   52 00000034 6008            STR              R0, [R1]
   53 00000036         
   54 00000036 496B            LDR              R1, =GPIO_PORTB_DEN_R 
                                                            ; Puerto digital
   55 00000038 6808            LDR              R0, [R1]
   56 0000003A F040 00FF       ORR              R0, R0, #0xFF
   57 0000003E 6008            STR              R0, [R1]
   58 00000040         
   59 00000040 E7FF            B                ENTRADA
   60 00000042         
   61 00000042         ENTRADA
   62 00000042         
   63 00000042 4E63            LDR              R6, =SYSCTL_RCGCGPIO_R 
                                                            ; ACTIVAR EL RELOJ 
                                                            
   64 00000044 6835            LDR              R5, [R6]
   65 00000046 F045 051C       ORR              R5, R5, #0x1C
   66 0000004A 6035            STR              R5, [R6]
   67 0000004C BF00            NOP



ARM Macro Assembler    Page 3 


   68 0000004E BF00            NOP
   69 00000050         ; EL PUERTO B NO NECESITA DESBLOQUEARSE                
   70 00000050 4E65            LDR              R6, =GPIO_PORTE_AMSEL_R ; DESAC
                                                            TIVAR LA FUNCION DI
                                                            GITAL
   71 00000052 6835            LDR              R5, [R6]
   72 00000054 F04F 0500       MOV              R5, #0x00
   73 00000058 6035            STR              R5, [R6]
   74 0000005A 4E64            LDR              R6, =GPIO_PORTE_PCTL_R ; HABILI
                                                            TAR COMO GPIO
   75 0000005C 6835            LDR              R5, [R6]
   76 0000005E F44F 4570       MOV              R5, #0x0000F000 ; PUERTO 0 0x00
                                                            00000F, PUERTO 1 0x
                                                            000000F0, PUERTO 2 
                                                            0x00000F00...
   77 00000062 6035            STR              R5, [R6]
   78 00000064 4E62            LDR              R6, =GPIO_PORTE_DIR_R ;  INPUT,
                                                              si fuera OUTPUT s
                                                            eria #0x20
   79 00000066 6835            LDR              R5, [R6]
   80 00000068 F04F 0500       MOV              R5, #0x00   ; 0X00 ES SALIDA 0X
                                                            20 ENTRADA
   81 0000006C 6035            STR              R5, [R6]
   82 0000006E 4E61            LDR              R6, =GPIO_PORTE_AFSEL_R ; DESHA
                                                            BILITA OTRAS FUNCIO
                                                            NES
   83 00000070 6835            LDR              R5, [R6]
   84 00000072 F04F 0500       MOV              R5, #0x00   ; 0X00 LO DESHABILI
                                                            TA 0X20 LO HABILITA
                                                            RIA
   85 00000076 6035            STR              R5, [R6]
   86 00000078 4E5F            LDR              R6, =GPIO_PORTE_DEN_R ; HABILIT
                                                            A LA FUNCION DIGITA
                                                            L
   87 0000007A 6835            LDR              R5, [R6]
   88 0000007C F04F 0508       MOV              R5, #0x08   ; 0X20 LO HABILITA
   89 00000080 6035            STR              R5, [R6]
   90 00000082         
   91 00000082         
   92 00000082 4D5E            LDR              R5, =TIEMPO1
   93 00000084         
   94 00000084         
   95 00000084         delay
   96 00000084 1E6D            SUBS             R5, R5, #1  ; R0 = R0 - 1 
   97 00000086 D1FD            BNE              delay       ; REGRESA A DELAY
   98 00000088 F000 F800       BL               Boton
   99 0000008C         
  100 0000008C         Boton
  101 0000008C 4E5C            LDR              R6, =PE3    ; ASIGNA EL VALOR D
                                                            E PB5 A R1
  102 0000008E 6835            LDR              R5, [R6]
  103 00000090 F005 0508       AND              R5,R5,#0x08 ; REALIZA UNA OPERA
                                                            CION AND ENTRE EL P
                                                            IN Y EL VALOR 0X20
  104 00000094         
  105 00000094 2D08            CMP              R5, #0x08   ; R0 == 0x20 SALTA 
                                                            A ACTIVAR
  106 00000096 D002            BEQ              CERO
  107 00000098         



ARM Macro Assembler    Page 4 


  108 00000098 2D00            CMP              R5, #0x00   ; R0 == 0x00 SALTA 
                                                            A APAGAR
  109 0000009A F000 8090       BEQ.W            APAGADO
  110 0000009E         
  111 0000009E         CERO
  112 0000009E 4959            LDR              R1, =PB
  113 000000A0 F04F 0000       MOV              R0, #0x00   ; ENCIENDE EL LED
  114 000000A4 6008            STR              R0, [R1]    ;
  115 000000A6 4858            LDR              R0, = TIEMPO
  116 000000A8         
  117 000000A8         Delay0
  118 000000A8 1E40            SUBS             R0, R0, #1
  119 000000AA D1FD            BNE              Delay0
  120 000000AC E7FF            B                Delay00
  121 000000AE         
  122 000000AE         Delay00
  123 000000AE 4E54            LDR              R6, =PE3    ; ASIGNA EL VALOR D
                                                            E PB5 A R1
  124 000000B0 6835            LDR              R5, [R6]
  125 000000B2 F005 0508       AND              R5,R5,#0x08 ; REALIZA UNA OPERA
                                                            CION AND ENTRE EL P
                                                            IN Y EL VALOR 0X20
  126 000000B6         
  127 000000B6 2D08            CMP              R5, #0x08   ; R0 == 0x20 SALTA 
                                                            A ACTIVAR
  128 000000B8 D003            BEQ              UNO
  129 000000BA         
  130 000000BA 2D00            CMP              R5, #0x00   ; R0 == 0x00 SALTA 
                                                            A APAGAR
  131 000000BC 1E40            SUBS             R0, R0, #1
  132 000000BE D1F6            BNE              Delay00
  133 000000C0 E7ED            B                CERO
  134 000000C2         
  135 000000C2         UNO
  136 000000C2 4950            LDR              R1, =PB
  137 000000C4 F04F 0001       MOV              R0, #0x01   ; ENCIENDE EL LED
  138 000000C8 6008            STR              R0, [R1]    ;
  139 000000CA 484F            LDR              R0, = TIEMPO
  140 000000CC         
  141 000000CC         Delay1
  142 000000CC 1E40            SUBS             R0, R0, #1
  143 000000CE D1FD            BNE              Delay1
  144 000000D0 E7FF            B                Delay11
  145 000000D2         
  146 000000D2         Delay11
  147 000000D2 4E4B            LDR              R6, =PE3    ; ASIGNA EL VALOR D
                                                            E PB5 A R1
  148 000000D4 6835            LDR              R5, [R6]
  149 000000D6 F005 0508       AND              R5,R5,#0x08 ; REALIZA UNA OPERA
                                                            CION AND ENTRE EL P
                                                            IN Y EL VALOR 0X20
  150 000000DA         
  151 000000DA 2D08            CMP              R5, #0x08   ; R0 == 0x20 SALTA 
                                                            A ACTIVAR
  152 000000DC D003            BEQ              DOS
  153 000000DE         
  154 000000DE 2D00            CMP              R5, #0x00   ; R0 == 0x00 SALTA 
                                                            A APAGAR
  155 000000E0 1E40            SUBS             R0, R0, #1



ARM Macro Assembler    Page 5 


  156 000000E2 D1F6            BNE              Delay11
  157 000000E4 E7ED            B                UNO
  158 000000E6         
  159 000000E6         DOS
  160 000000E6 4947            LDR              R1, =PB
  161 000000E8 F04F 0002       MOV              R0, #0x02   ; ENCIENDE EL LED
  162 000000EC 6008            STR              R0, [R1]    ;
  163 000000EE 4846            LDR              R0, = TIEMPO
  164 000000F0         
  165 000000F0         Delay2
  166 000000F0 1E40            SUBS             R0, R0, #1
  167 000000F2 D1FD            BNE              Delay2
  168 000000F4 E7FF            B                Delay22
  169 000000F6         
  170 000000F6         Delay22
  171 000000F6 4E42            LDR              R6, =PE3    ; ASIGNA EL VALOR D
                                                            E PB5 A R1
  172 000000F8 6835            LDR              R5, [R6]
  173 000000FA F005 0508       AND              R5,R5,#0x08 ; REALIZA UNA OPERA
                                                            CION AND ENTRE EL P
                                                            IN Y EL VALOR 0X20
  174 000000FE         
  175 000000FE 2D08            CMP              R5, #0x08   ; R0 == 0x20 SALTA 
                                                            A ACTIVAR
  176 00000100 D003            BEQ              TRES
  177 00000102         
  178 00000102 2D00            CMP              R5, #0x00   ; R0 == 0x00 SALTA 
                                                            A APAGAR
  179 00000104 1E40            SUBS             R0, R0, #1
  180 00000106 D1F6            BNE              Delay22
  181 00000108 E7ED            B                DOS
  182 0000010A         
  183 0000010A         TRES
  184 0000010A 493E            LDR              R1, =PB
  185 0000010C F04F 0003       MOV              R0, #0x03   ; ENCIENDE EL LED
  186 00000110 6008            STR              R0, [R1]    ;
  187 00000112 483D            LDR              R0, = TIEMPO
  188 00000114         
  189 00000114         Delay3
  190 00000114 1E40            SUBS             R0, R0, #1
  191 00000116 D1FD            BNE              Delay3
  192 00000118 E7FF            B                Delay33
  193 0000011A         
  194 0000011A         Delay33
  195 0000011A 4E39            LDR              R6, =PE3    ; ASIGNA EL VALOR D
                                                            E PB5 A R1
  196 0000011C 6835            LDR              R5, [R6]
  197 0000011E F005 0508       AND              R5,R5,#0x08 ; REALIZA UNA OPERA
                                                            CION AND ENTRE EL P
                                                            IN Y EL VALOR 0X20
  198 00000122         
  199 00000122 2D08            CMP              R5, #0x08   ; R0 == 0x20 SALTA 
                                                            A ACTIVAR
  200 00000124 D003            BEQ              CUATRO
  201 00000126         
  202 00000126 2D00            CMP              R5, #0x00   ; R0 == 0x00 SALTA 
                                                            A APAGAR
  203 00000128 1E40            SUBS             R0, R0, #1
  204 0000012A D1F6            BNE              Delay33



ARM Macro Assembler    Page 6 


  205 0000012C E7ED            B                TRES
  206 0000012E         
  207 0000012E         CUATRO
  208 0000012E 4935            LDR              R1, =PB
  209 00000130 F04F 0004       MOV              R0, #0x04   ; ENCIENDE EL LED
  210 00000134 6008            STR              R0, [R1]    ;
  211 00000136 4834            LDR              R0, = TIEMPO
  212 00000138         
  213 00000138         Delay4
  214 00000138 1E40            SUBS             R0, R0, #1
  215 0000013A D1FD            BNE              Delay4
  216 0000013C E7FF            B                Delay44
  217 0000013E         
  218 0000013E         Delay44
  219 0000013E 4E30            LDR              R6, =PE3    ; ASIGNA EL VALOR D
                                                            E PB5 A R1
  220 00000140 6835            LDR              R5, [R6]
  221 00000142 F005 0508       AND              R5,R5,#0x08 ; REALIZA UNA OPERA
                                                            CION AND ENTRE EL P
                                                            IN Y EL VALOR 0X20
  222 00000146         
  223 00000146 2D08            CMP              R5, #0x08   ; R0 == 0x20 SALTA 
                                                            A ACTIVAR
  224 00000148 D003            BEQ              CINCO
  225 0000014A         
  226 0000014A 2D00            CMP              R5, #0x00   ; R0 == 0x00 SALTA 
                                                            A APAGAR
  227 0000014C 1E40            SUBS             R0, R0, #1
  228 0000014E D1F6            BNE              Delay44
  229 00000150 E7ED            B                CUATRO
  230 00000152         
  231 00000152         CINCO
  232 00000152 492C            LDR              R1, =PB
  233 00000154 F04F 0005       MOV              R0, #0x05   ; ENCIENDE EL LED
  234 00000158 6008            STR              R0, [R1]    ;
  235 0000015A 482B            LDR              R0, = TIEMPO
  236 0000015C         
  237 0000015C         Delay5
  238 0000015C 1E40            SUBS             R0, R0, #1
  239 0000015E D1FD            BNE              Delay5
  240 00000160 E7FF            B                Delay55
  241 00000162         
  242 00000162         Delay55
  243 00000162 4E27            LDR              R6, =PE3    ; ASIGNA EL VALOR D
                                                            E PB5 A R1
  244 00000164 6835            LDR              R5, [R6]
  245 00000166 F005 0508       AND              R5,R5,#0x08 ; REALIZA UNA OPERA
                                                            CION AND ENTRE EL P
                                                            IN Y EL VALOR 0X20
  246 0000016A         
  247 0000016A 2D08            CMP              R5, #0x08   ; R0 == 0x20 SALTA 
                                                            A ACTIVAR
  248 0000016C D003            BEQ              SEIS
  249 0000016E         
  250 0000016E 2D00            CMP              R5, #0x00   ; R0 == 0x00 SALTA 
                                                            A APAGAR
  251 00000170 1E40            SUBS             R0, R0, #1
  252 00000172 D1F6            BNE              Delay55
  253 00000174 E7ED            B                CINCO



ARM Macro Assembler    Page 7 


  254 00000176         
  255 00000176         SEIS
  256 00000176 4923            LDR              R1, =PB
  257 00000178 F04F 0006       MOV              R0, #0x06   ; ENCIENDE EL LED
  258 0000017C 6008            STR              R0, [R1]    ;
  259 0000017E 4822            LDR              R0, = TIEMPO
  260 00000180         
  261 00000180         Delay6
  262 00000180 1E40            SUBS             R0, R0, #1
  263 00000182 D1FD            BNE              Delay6
  264 00000184 E7FF            B                Delay66
  265 00000186         
  266 00000186         Delay66
  267 00000186 4E1E            LDR              R6, =PE3    ; ASIGNA EL VALOR D
                                                            E PB5 A R1
  268 00000188 6835            LDR              R5, [R6]
  269 0000018A F005 0508       AND              R5,R5,#0x08 ; REALIZA UNA OPERA
                                                            CION AND ENTRE EL P
                                                            IN Y EL VALOR 0X20
  270 0000018E         
  271 0000018E 2D08            CMP              R5, #0x08   ; R0 == 0x20 SALTA 
                                                            A ACTIVAR
  272 00000190 D003            BEQ              SIETE
  273 00000192         
  274 00000192 2D00            CMP              R5, #0x00   ; R0 == 0x00 SALTA 
                                                            A APAGAR
  275 00000194 1E40            SUBS             R0, R0, #1
  276 00000196 D1F6            BNE              Delay66
  277 00000198 E7ED            B                SEIS
  278 0000019A         
  279 0000019A         SIETE
  280 0000019A 491A            LDR              R1, =PB
  281 0000019C F04F 0007       MOV              R0, #0x07   ; ENCIENDE EL LED
  282 000001A0 6008            STR              R0, [R1]    ;
  283 000001A2 4819            LDR              R0, = TIEMPO
  284 000001A4         
  285 000001A4         Delay7
  286 000001A4 1E40            SUBS             R0, R0, #1
  287 000001A6 D1FD            BNE              Delay7
  288 000001A8 E7FF            B                Delay77
  289 000001AA         
  290 000001AA         Delay77
  291 000001AA 4E15            LDR              R6, =PE3    ; ASIGNA EL VALOR D
                                                            E PB5 A R1
  292 000001AC 6835            LDR              R5, [R6]
  293 000001AE F005 0508       AND              R5,R5,#0x08 ; REALIZA UNA OPERA
                                                            CION AND ENTRE EL P
                                                            IN Y EL VALOR 0X20
  294 000001B2         
  295 000001B2 2D08            CMP              R5, #0x08   ; R0 == 0x20 SALTA 
                                                            A ACTIVAR
  296 000001B4 D003            BEQ              APAGADO
  297 000001B6         
  298 000001B6 2D00            CMP              R5, #0x00   ; R0 == 0x00 SALTA 
                                                            A APAGAR
  299 000001B8 1E40            SUBS             R0, R0, #1
  300 000001BA D1F6            BNE              Delay77
  301 000001BC E7ED            B                SIETE
  302 000001BE         



ARM Macro Assembler    Page 8 


  303 000001BE         APAGADO
  304 000001BE 4911            LDR              R1, =PB
  305 000001C0 F04F 0000       MOV              R0, #0x00   ; APAGA EL LED
  306 000001C4 6008            STR              R0, [R1]    ;
  307 000001C6 4D0D            LDR              R5, =TIEMPO1
  308 000001C8 F7FF FF5C       BL               delay
  309 000001CC         
  310 000001CC         STOP
  311 000001CC BF00            NOP
  312 000001CE BF00            NOP
  313 000001D0         
  314 000001D0                 ALIGN
  315 000001D0                 END                          ; Finalización del 
                                                            programa
              400FE608 
              40005528 
              4000552C 
              40005400 
              40005420 
              4000551C 
              40024528 
              4002452C 
              40024400 
              40024420 
              4002451C 
              001046AA 
              40024020 
              4000501C 
              007A1200 
Command Line: --debug --xref --diag_suppress=9931 --cpu=Cortex-M4.fp --apcs=int
erwork --depend=.\objects\binario.d -o.\objects\binario.o -I.\RTE\_Target_1 -IC
:\Keil_v5\ARM\PACK\Keil\TM4C_DFP\1.1.0\Device\Include\TM4C123 -IC:\Keil_v5\ARM\
CMSIS\Include --predefine="__EVAL SETA 1" --predefine="__UVISION_VERSION SETA 5
25" --predefine="TM4C123GH6PM SETA 1" --list=.\listings\binario.lst binario.s



ARM Macro Assembler    Page 1 Alphabetic symbol ordering
Relocatable symbols

.text 00000000

Symbol: .text
   Definitions
      At line 21 in file binario.s
   Uses
      None
Comment: .text unused
APAGADO 000001BE

Symbol: APAGADO
   Definitions
      At line 303 in file binario.s
   Uses
      At line 109 in file binario.s
      At line 296 in file binario.s

Boton 0000008C

Symbol: Boton
   Definitions
      At line 100 in file binario.s
   Uses
      At line 98 in file binario.s
Comment: Boton used once
CERO 0000009E

Symbol: CERO
   Definitions
      At line 111 in file binario.s
   Uses
      At line 106 in file binario.s
      At line 133 in file binario.s

CINCO 00000152

Symbol: CINCO
   Definitions
      At line 231 in file binario.s
   Uses
      At line 224 in file binario.s
      At line 253 in file binario.s

CUATRO 0000012E

Symbol: CUATRO
   Definitions
      At line 207 in file binario.s
   Uses
      At line 200 in file binario.s
      At line 229 in file binario.s

DOS 000000E6

Symbol: DOS
   Definitions
      At line 159 in file binario.s
   Uses
      At line 152 in file binario.s



ARM Macro Assembler    Page 2 Alphabetic symbol ordering
Relocatable symbols

      At line 181 in file binario.s

Delay0 000000A8

Symbol: Delay0
   Definitions
      At line 117 in file binario.s
   Uses
      At line 119 in file binario.s
Comment: Delay0 used once
Delay00 000000AE

Symbol: Delay00
   Definitions
      At line 122 in file binario.s
   Uses
      At line 120 in file binario.s
      At line 132 in file binario.s

Delay1 000000CC

Symbol: Delay1
   Definitions
      At line 141 in file binario.s
   Uses
      At line 143 in file binario.s
Comment: Delay1 used once
Delay11 000000D2

Symbol: Delay11
   Definitions
      At line 146 in file binario.s
   Uses
      At line 144 in file binario.s
      At line 156 in file binario.s

Delay2 000000F0

Symbol: Delay2
   Definitions
      At line 165 in file binario.s
   Uses
      At line 167 in file binario.s
Comment: Delay2 used once
Delay22 000000F6

Symbol: Delay22
   Definitions
      At line 170 in file binario.s
   Uses
      At line 168 in file binario.s
      At line 180 in file binario.s

Delay3 00000114

Symbol: Delay3
   Definitions
      At line 189 in file binario.s
   Uses



ARM Macro Assembler    Page 3 Alphabetic symbol ordering
Relocatable symbols

      At line 191 in file binario.s
Comment: Delay3 used once
Delay33 0000011A

Symbol: Delay33
   Definitions
      At line 194 in file binario.s
   Uses
      At line 192 in file binario.s
      At line 204 in file binario.s

Delay4 00000138

Symbol: Delay4
   Definitions
      At line 213 in file binario.s
   Uses
      At line 215 in file binario.s
Comment: Delay4 used once
Delay44 0000013E

Symbol: Delay44
   Definitions
      At line 218 in file binario.s
   Uses
      At line 216 in file binario.s
      At line 228 in file binario.s

Delay5 0000015C

Symbol: Delay5
   Definitions
      At line 237 in file binario.s
   Uses
      At line 239 in file binario.s
Comment: Delay5 used once
Delay55 00000162

Symbol: Delay55
   Definitions
      At line 242 in file binario.s
   Uses
      At line 240 in file binario.s
      At line 252 in file binario.s

Delay6 00000180

Symbol: Delay6
   Definitions
      At line 261 in file binario.s
   Uses
      At line 263 in file binario.s
Comment: Delay6 used once
Delay66 00000186

Symbol: Delay66
   Definitions
      At line 266 in file binario.s
   Uses



ARM Macro Assembler    Page 4 Alphabetic symbol ordering
Relocatable symbols

      At line 264 in file binario.s
      At line 276 in file binario.s

Delay7 000001A4

Symbol: Delay7
   Definitions
      At line 285 in file binario.s
   Uses
      At line 287 in file binario.s
Comment: Delay7 used once
Delay77 000001AA

Symbol: Delay77
   Definitions
      At line 290 in file binario.s
   Uses
      At line 288 in file binario.s
      At line 300 in file binario.s

ENTRADA 00000042

Symbol: ENTRADA
   Definitions
      At line 61 in file binario.s
   Uses
      At line 59 in file binario.s
Comment: ENTRADA used once
SEIS 00000176

Symbol: SEIS
   Definitions
      At line 255 in file binario.s
   Uses
      At line 248 in file binario.s
      At line 277 in file binario.s

SIETE 0000019A

Symbol: SIETE
   Definitions
      At line 279 in file binario.s
   Uses
      At line 272 in file binario.s
      At line 301 in file binario.s

STOP 000001CC

Symbol: STOP
   Definitions
      At line 310 in file binario.s
   Uses
      None
Comment: STOP unused
Start 00000000

Symbol: Start
   Definitions
      At line 25 in file binario.s



ARM Macro Assembler    Page 5 Alphabetic symbol ordering
Relocatable symbols

   Uses
      At line 23 in file binario.s
Comment: Start used once
THUMB 00000000

Symbol: THUMB
   Definitions
      At line 22 in file binario.s
   Uses
      None
Comment: THUMB unused
TRES 0000010A

Symbol: TRES
   Definitions
      At line 183 in file binario.s
   Uses
      At line 176 in file binario.s
      At line 205 in file binario.s

UNO 000000C2

Symbol: UNO
   Definitions
      At line 135 in file binario.s
   Uses
      At line 128 in file binario.s
      At line 157 in file binario.s

delay 00000084

Symbol: delay
   Definitions
      At line 95 in file binario.s
   Uses
      At line 97 in file binario.s
      At line 308 in file binario.s

32 symbols



ARM Macro Assembler    Page 1 Alphabetic symbol ordering
Absolute symbols

GPIO_PORTB_AFSEL_R 40005420

Symbol: GPIO_PORTB_AFSEL_R
   Definitions
      At line 6 in file binario.s
   Uses
      At line 49 in file binario.s
Comment: GPIO_PORTB_AFSEL_R used once
GPIO_PORTB_AMSEL_R 40005528

Symbol: GPIO_PORTB_AMSEL_R
   Definitions
      At line 3 in file binario.s
   Uses
      At line 34 in file binario.s
Comment: GPIO_PORTB_AMSEL_R used once
GPIO_PORTB_DEN_R 4000551C

Symbol: GPIO_PORTB_DEN_R
   Definitions
      At line 7 in file binario.s
   Uses
      At line 54 in file binario.s
Comment: GPIO_PORTB_DEN_R used once
GPIO_PORTB_DIR_R 40005400

Symbol: GPIO_PORTB_DIR_R
   Definitions
      At line 5 in file binario.s
   Uses
      At line 44 in file binario.s
Comment: GPIO_PORTB_DIR_R used once
GPIO_PORTB_PCTL_R 4000552C

Symbol: GPIO_PORTB_PCTL_R
   Definitions
      At line 4 in file binario.s
   Uses
      At line 39 in file binario.s
Comment: GPIO_PORTB_PCTL_R used once
GPIO_PORTE_AFSEL_R 40024420

Symbol: GPIO_PORTE_AFSEL_R
   Definitions
      At line 14 in file binario.s
   Uses
      At line 82 in file binario.s
Comment: GPIO_PORTE_AFSEL_R used once
GPIO_PORTE_AMSEL_R 40024528

Symbol: GPIO_PORTE_AMSEL_R
   Definitions
      At line 11 in file binario.s
   Uses
      At line 70 in file binario.s
Comment: GPIO_PORTE_AMSEL_R used once
GPIO_PORTE_DEN_R 4002451C

Symbol: GPIO_PORTE_DEN_R



ARM Macro Assembler    Page 2 Alphabetic symbol ordering
Absolute symbols

   Definitions
      At line 15 in file binario.s
   Uses
      At line 86 in file binario.s
Comment: GPIO_PORTE_DEN_R used once
GPIO_PORTE_DIR_R 40024400

Symbol: GPIO_PORTE_DIR_R
   Definitions
      At line 13 in file binario.s
   Uses
      At line 78 in file binario.s
Comment: GPIO_PORTE_DIR_R used once
GPIO_PORTE_PCTL_R 4002452C

Symbol: GPIO_PORTE_PCTL_R
   Definitions
      At line 12 in file binario.s
   Uses
      At line 74 in file binario.s
Comment: GPIO_PORTE_PCTL_R used once
PB 4000501C

Symbol: PB
   Definitions
      At line 8 in file binario.s
   Uses
      At line 112 in file binario.s
      At line 136 in file binario.s
      At line 160 in file binario.s
      At line 184 in file binario.s
      At line 208 in file binario.s
      At line 232 in file binario.s
      At line 256 in file binario.s
      At line 280 in file binario.s
      At line 304 in file binario.s

PE3 40024020

Symbol: PE3
   Definitions
      At line 16 in file binario.s
   Uses
      At line 101 in file binario.s
      At line 123 in file binario.s
      At line 147 in file binario.s
      At line 171 in file binario.s
      At line 195 in file binario.s
      At line 219 in file binario.s
      At line 243 in file binario.s
      At line 267 in file binario.s
      At line 291 in file binario.s

SYSCTL_RCGCGPIO_R 400FE608

Symbol: SYSCTL_RCGCGPIO_R
   Definitions
      At line 1 in file binario.s
   Uses



ARM Macro Assembler    Page 3 Alphabetic symbol ordering
Absolute symbols

      At line 27 in file binario.s
      At line 63 in file binario.s

TIEMPO 007A1200

Symbol: TIEMPO
   Definitions
      At line 18 in file binario.s
   Uses
      At line 115 in file binario.s
      At line 139 in file binario.s
      At line 163 in file binario.s
      At line 187 in file binario.s
      At line 211 in file binario.s
      At line 235 in file binario.s
      At line 259 in file binario.s
      At line 283 in file binario.s

TIEMPO1 001046AA

Symbol: TIEMPO1
   Definitions
      At line 19 in file binario.s
   Uses
      At line 92 in file binario.s
      At line 307 in file binario.s

15 symbols
383 symbols in table
